<?xml version="1.0" encoding="UTF-8"?>
<!-- Generated by org.testng.reporters.JUnitReportReporter -->
<testsuite hostname="DESKTOP-CFS2EAU" failures="0" tests="3" name="testPractice.Annotation2" time="0.045" errors="0" timestamp="2025-01-20T00:18:57 IST" skipped="0">
  <testcase classname="testPractice.Annotation2" name="test1" time="0.030"/>
  <system-out/>
  <testcase classname="testPractice.Annotation2" name="test2" time="0.006"/>
  <system-out/>
  <testcase classname="testPractice.Annotation2" name="test2" time="0.009"/>
  <system-out/>
</testsuite> <!-- testPractice.Annotation2 -->
