<?xml version="1.0" encoding="UTF-8"?>
<!-- Generated by org.testng.reporters.JUnitReportReporter -->
<testsuite hostname="DESKTOP-CFS2EAU" failures="0" tests="5" name="testPractice.TestNgPriorityAndDependsOnMethods" time="0.052" errors="0" timestamp="2025-01-16T00:51:29 IST" skipped="0">
  <testcase classname="testPractice.TestNgPriorityAndDependsOnMethods" name="createUser" time="0.003"/>
  <system-out/>
  <testcase classname="testPractice.TestNgPriorityAndDependsOnMethods" name="createUser" time="0.038"/>
  <system-out/>
  <testcase classname="testPractice.TestNgPriorityAndDependsOnMethods" name="createUser" time="0.006"/>
  <system-out/>
  <testcase classname="testPractice.TestNgPriorityAndDependsOnMethods" name="updateUser" time="0.003"/>
  <system-out/>
  <testcase classname="testPractice.TestNgPriorityAndDependsOnMethods" name="deleteUser" time="0.002"/>
  <system-out/>
</testsuite> <!-- testPractice.TestNgPriorityAndDependsOnMethods -->
